c:\users\joshua\course\stage3\2 games tech\course work\gamestechcw\in2026 coursework code\vc\asteroids\debug\vc143.pdb
c:\users\joshua\course\stage3\2 games tech\course work\gamestechcw\in2026 coursework code\vc\asteroids\debug\vc143.idb
c:\users\joshua\course\stage3\2 games tech\course work\gamestechcw\in2026 coursework code\vc\asteroids\debug\asteroid.obj
c:\users\joshua\course\stage3\2 games tech\course work\gamestechcw\in2026 coursework code\vc\asteroids\debug\asteroids.obj
c:\users\joshua\course\stage3\2 games tech\course work\gamestechcw\in2026 coursework code\vc\asteroids\debug\bullet.obj
c:\users\joshua\course\stage3\2 games tech\course work\gamestechcw\in2026 coursework code\vc\asteroids\debug\explosion.obj
c:\users\joshua\course\stage3\2 games tech\course work\gamestechcw\in2026 coursework code\vc\asteroids\debug\main.obj
c:\users\joshua\course\stage3\2 games tech\course work\gamestechcw\in2026 coursework code\vc\asteroids\debug\spaceship.obj
c:\users\joshua\course\stage3\2 games tech\course work\gamestechcw\in2026 coursework code\vc\asteroids\debug\highscoremanager.obj
c:\users\joshua\course\stage3\2 games tech\course work\gamestechcw\in2026 coursework code\bin\asteroids.exe
c:\users\joshua\course\stage3\2 games tech\course work\gamestechcw\in2026 coursework code\vc\asteroids\debug\asteroids.ilk
c:\users\joshua\course\stage3\2 games tech\course work\gamestechcw\in2026 coursework code\vc\asteroids\debug\asteroids.pdb
c:\users\joshua\course\stage3\2 games tech\course work\gamestechcw\in2026 coursework code\vc\asteroids\debug\vc142.idb
c:\users\joshua\course\stage3\2 games tech\course work\gamestechcw\in2026 coursework code\vc\asteroids\debug\vc142.pdb
c:\users\joshua\course\stage3\2 games tech\course work\gamestechcw\in2026 coursework code\vc\asteroids\debug\asteroids.tlog\cl.command.1.tlog
c:\users\joshua\course\stage3\2 games tech\course work\gamestechcw\in2026 coursework code\vc\asteroids\debug\asteroids.tlog\cl.read.1.tlog
c:\users\joshua\course\stage3\2 games tech\course work\gamestechcw\in2026 coursework code\vc\asteroids\debug\asteroids.tlog\cl.write.1.tlog
c:\users\joshua\course\stage3\2 games tech\course work\gamestechcw\in2026 coursework code\vc\asteroids\debug\asteroids.tlog\link.command.1.tlog
c:\users\joshua\course\stage3\2 games tech\course work\gamestechcw\in2026 coursework code\vc\asteroids\debug\asteroids.tlog\link.read.1.tlog
c:\users\joshua\course\stage3\2 games tech\course work\gamestechcw\in2026 coursework code\vc\asteroids\debug\asteroids.tlog\link.write.1.tlog
